0 verbose cli /usr/local/bin/node /usr/local/bin/npm
1 info using npm@8.19.4
2 info using node@v16.20.2
3 timing npm:load:whichnode Completed in 0ms
4 timing config:load:defaults Completed in 1ms
5 timing config:load:file:/usr/local/lib/node_modules/npm/npmrc Completed in 2ms
6 timing config:load:builtin Completed in 2ms
7 warn config production Use `--omit=dev` instead.
8 timing config:load:cli Completed in 2ms
9 timing config:load:env Completed in 0ms
10 timing config:load:file:/data/.npmrc Completed in 1ms
11 timing config:load:project Completed in 2ms
12 timing config:load:file:/usr/src/node-red/.npmrc Completed in 0ms
13 timing config:load:user Completed in 0ms
14 timing config:load:file:/usr/local/etc/npmrc Completed in 2ms
15 timing config:load:global Completed in 2ms
16 timing config:load:validate Completed in 0ms
17 timing config:load:credentials Completed in 1ms
18 timing config:load:setEnvs Completed in 1ms
19 timing config:load Completed in 13ms
20 timing npm:load:configload Completed in 13ms
21 timing npm:load:mkdirpcache Completed in 4ms
22 timing npm:load:mkdirplogs Completed in 1ms
23 verbose title npm install node-red-dashboard@3.6.2
24 verbose argv "install" "--no-audit" "--no-update-notifier" "--no-fund" "--save" "--save-prefix" "~" "--production" "--engine-strict" "node-red-dashboard@3.6.2"
25 timing npm:load:setTitle Completed in 1ms
26 timing config:load:flatten Completed in 2ms
27 timing npm:load:display Completed in 5ms
28 verbose logfile logs-max:10 dir:/data/.npm/_logs
29 verbose logfile /data/.npm/_logs/2024-02-02T14_53_25_763Z-debug-0.log
30 timing npm:load:logFile Completed in 5ms
31 timing npm:load:timers Completed in 0ms
32 timing npm:load:configScope Completed in 0ms
33 timing npm:load Completed in 30ms
34 timing arborist:ctor Completed in 1ms
35 silly logfile done cleaning log files
36 timing arborist:ctor Completed in 0ms
37 timing idealTree:init Completed in 13ms
38 timing idealTree:userRequests Completed in 3ms
39 silly idealTree buildDeps
40 silly fetch manifest node-red-dashboard@3.6.2
41 http fetch GET 200 https://registry.npmjs.org/node-red-dashboard 727ms (cache miss)
42 silly placeDep ROOT node-red-dashboard@3.6.2 OK for: node-red-project@0.0.1 want: 3.6.2
43 silly fetch manifest compression@^1.7.4
44 silly fetch manifest gridstack@^0.6.4
45 silly fetch manifest serve-static@^1.15.0
46 silly fetch manifest socket.io@^4.7.2
47 http fetch GET 200 https://registry.npmjs.org/compression 158ms (cache miss)
48 http fetch GET 200 https://registry.npmjs.org/gridstack 328ms (cache miss)
49 http fetch GET 200 https://registry.npmjs.org/serve-static 335ms (cache miss)
50 http fetch GET 200 https://registry.npmjs.org/socket.io 347ms (cache miss)
51 timing idealTree:#root Completed in 1090ms
52 silly placeDep ROOT compression@1.7.4 OK for: node-red-dashboard@3.6.2 want: ^1.7.4
53 silly placeDep ROOT gridstack@0.6.4 OK for: node-red-dashboard@3.6.2 want: ^0.6.4
54 silly placeDep ROOT serve-static@1.15.0 OK for: node-red-dashboard@3.6.2 want: ^1.15.0
55 silly placeDep ROOT socket.io@4.7.4 OK for: node-red-dashboard@3.6.2 want: ^4.7.2
56 silly fetch manifest accepts@~1.3.5
57 silly fetch manifest bytes@3.0.0
58 silly fetch manifest compressible@~2.0.16
59 silly fetch manifest debug@2.6.9
60 silly fetch manifest on-headers@~1.0.2
61 silly fetch manifest safe-buffer@5.1.2
62 silly fetch manifest vary@~1.1.2
63 silly fetch manifest jquery@^1.8 || 2 || 3
64 silly fetch manifest encodeurl@~1.0.2
65 silly fetch manifest escape-html@~1.0.3
66 silly fetch manifest parseurl@~1.3.3
67 silly fetch manifest send@0.18.0
68 silly fetch manifest accepts@~1.3.4
69 silly fetch manifest base64id@~2.0.0
70 silly fetch manifest cors@~2.8.5
71 silly fetch manifest debug@~4.3.2
72 silly fetch manifest engine.io@~6.5.2
73 silly fetch manifest socket.io-adapter@~2.5.2
74 silly fetch manifest socket.io-parser@~4.2.4
75 http fetch GET 200 https://registry.npmjs.org/accepts 157ms (cache miss)
76 http fetch GET 200 https://registry.npmjs.org/compressible 179ms (cache miss)
77 http fetch GET 200 https://registry.npmjs.org/debug 180ms (cache miss)
78 http fetch GET 200 https://registry.npmjs.org/bytes 184ms (cache miss)
79 http fetch GET 200 https://registry.npmjs.org/debug 287ms (cache miss)
80 http fetch GET 200 https://registry.npmjs.org/engine.io 318ms (cache miss)
81 http fetch GET 200 https://registry.npmjs.org/base64id 333ms (cache miss)
82 http fetch GET 200 https://registry.npmjs.org/socket.io-adapter 332ms (cache miss)
83 http fetch GET 200 https://registry.npmjs.org/cors 345ms (cache miss)
84 http fetch GET 200 https://registry.npmjs.org/on-headers 362ms (cache miss)
85 http fetch GET 200 https://registry.npmjs.org/parseurl 358ms (cache miss)
86 http fetch GET 200 https://registry.npmjs.org/safe-buffer 366ms (cache miss)
87 http fetch GET 200 https://registry.npmjs.org/encodeurl 363ms (cache miss)
88 http fetch GET 200 https://registry.npmjs.org/vary 366ms (cache miss)
89 http fetch GET 200 https://registry.npmjs.org/accepts 363ms (cache miss)
90 http fetch GET 200 https://registry.npmjs.org/escape-html 365ms (cache miss)
91 http fetch GET 200 https://registry.npmjs.org/send 364ms (cache miss)
92 http fetch GET 200 https://registry.npmjs.org/jquery 369ms (cache miss)
93 http fetch GET 200 https://registry.npmjs.org/socket.io-parser 360ms (cache miss)
94 timing idealTree:node_modules/node-red-dashboard Completed in 389ms
95 silly placeDep ROOT accepts@1.3.8 OK for: compression@1.7.4 want: ~1.3.5
96 silly placeDep ROOT bytes@3.0.0 OK for: compression@1.7.4 want: 3.0.0
97 silly placeDep ROOT compressible@2.0.18 OK for: compression@1.7.4 want: ~2.0.16
98 silly placeDep ROOT debug@2.6.9 OK for: compression@1.7.4 want: 2.6.9
99 silly placeDep ROOT on-headers@1.0.2 OK for: compression@1.7.4 want: ~1.0.2
100 silly placeDep ROOT safe-buffer@5.1.2 OK for: compression@1.7.4 want: 5.1.2
101 silly placeDep ROOT vary@1.1.2 OK for: compression@1.7.4 want: ~1.1.2
102 silly fetch manifest mime-types@~2.1.34
103 silly fetch manifest negotiator@0.6.3
104 silly fetch manifest mime-db@>= 1.43.0 < 2
105 silly fetch manifest ms@2.0.0
106 http fetch GET 200 https://registry.npmjs.org/mime-types 167ms (cache miss)
107 http fetch GET 200 https://registry.npmjs.org/mime-db 182ms (cache miss)
108 http fetch GET 200 https://registry.npmjs.org/negotiator 184ms (cache miss)
109 http fetch GET 200 https://registry.npmjs.org/ms 183ms (cache miss)
110 timing idealTree:node_modules/compression Completed in 197ms
111 silly placeDep ROOT mime-types@2.1.35 OK for: accepts@1.3.8 want: ~2.1.34
112 silly placeDep ROOT negotiator@0.6.3 OK for: accepts@1.3.8 want: 0.6.3
113 silly fetch manifest mime-db@1.52.0
114 timing idealTree:node_modules/accepts Completed in 3ms
115 timing idealTree:node_modules/bytes Completed in 0ms
116 silly placeDep ROOT mime-db@1.52.0 OK for: compressible@2.0.18 want: >= 1.43.0 < 2
117 timing idealTree:node_modules/compressible Completed in 1ms
118 silly placeDep ROOT ms@2.0.0 OK for: debug@2.6.9 want: 2.0.0
119 timing idealTree:node_modules/debug Completed in 0ms
120 silly placeDep ROOT jquery@3.7.1 OK for: gridstack@0.6.4 want: ^1.8 || 2 || 3
121 timing idealTree:node_modules/gridstack Completed in 1ms
122 timing idealTree:node_modules/jquery Completed in 0ms
123 timing idealTree:node_modules/mime-db Completed in 0ms
124 timing idealTree:node_modules/mime-types Completed in 0ms
125 timing idealTree:node_modules/ms Completed in 0ms
126 timing idealTree:node_modules/negotiator Completed in 0ms
127 timing idealTree:node_modules/on-headers Completed in 0ms
128 timing idealTree:node_modules/safe-buffer Completed in 0ms
129 silly placeDep ROOT encodeurl@1.0.2 OK for: serve-static@1.15.0 want: ~1.0.2
130 silly placeDep ROOT escape-html@1.0.3 OK for: serve-static@1.15.0 want: ~1.0.3
131 silly placeDep ROOT parseurl@1.3.3 OK for: serve-static@1.15.0 want: ~1.3.3
132 silly placeDep ROOT send@0.18.0 OK for: serve-static@1.15.0 want: 0.18.0
133 silly fetch manifest depd@2.0.0
134 silly fetch manifest destroy@1.2.0
135 silly fetch manifest etag@~1.8.1
136 silly fetch manifest fresh@0.5.2
137 silly fetch manifest http-errors@2.0.0
138 silly fetch manifest mime@1.6.0
139 silly fetch manifest ms@2.1.3
140 silly fetch manifest on-finished@2.4.1
141 silly fetch manifest range-parser@~1.2.1
142 silly fetch manifest statuses@2.0.1
143 http fetch GET 200 https://registry.npmjs.org/http-errors 137ms (cache miss)
144 http fetch GET 200 https://registry.npmjs.org/range-parser 135ms (cache miss)
145 http fetch GET 200 https://registry.npmjs.org/depd 146ms (cache miss)
146 http fetch GET 200 https://registry.npmjs.org/mime 148ms (cache miss)
147 http fetch GET 200 https://registry.npmjs.org/fresh 151ms (cache miss)
148 http fetch GET 200 https://registry.npmjs.org/destroy 170ms (cache miss)
149 http fetch GET 200 https://registry.npmjs.org/etag 171ms (cache miss)
150 http fetch GET 200 https://registry.npmjs.org/on-finished 168ms (cache miss)
151 http fetch GET 200 https://registry.npmjs.org/statuses 168ms (cache miss)
152 timing idealTree:node_modules/serve-static Completed in 178ms
153 timing idealTree:node_modules/encodeurl Completed in 0ms
154 timing idealTree:node_modules/escape-html Completed in 0ms
155 timing idealTree:node_modules/parseurl Completed in 0ms
156 silly placeDep ROOT depd@2.0.0 OK for: send@0.18.0 want: 2.0.0
157 silly placeDep ROOT destroy@1.2.0 OK for: send@0.18.0 want: 1.2.0
158 silly placeDep ROOT etag@1.8.1 OK for: send@0.18.0 want: ~1.8.1
159 silly placeDep ROOT fresh@0.5.2 OK for: send@0.18.0 want: 0.5.2
160 silly placeDep ROOT http-errors@2.0.0 OK for: send@0.18.0 want: 2.0.0
161 silly placeDep ROOT mime@1.6.0 OK for: send@0.18.0 want: 1.6.0
162 silly placeDep node_modules/send ms@2.1.3 OK for: send@0.18.0 want: 2.1.3
163 silly placeDep ROOT on-finished@2.4.1 OK for: send@0.18.0 want: 2.4.1
164 silly placeDep ROOT range-parser@1.2.1 OK for: send@0.18.0 want: ~1.2.1
165 silly placeDep ROOT statuses@2.0.1 OK for: send@0.18.0 want: 2.0.1
166 silly fetch manifest inherits@2.0.4
167 silly fetch manifest setprototypeof@1.2.0
168 silly fetch manifest toidentifier@1.0.1
169 silly fetch manifest ee-first@1.1.1
170 http fetch GET 200 https://registry.npmjs.org/inherits 135ms (cache miss)
171 http fetch GET 200 https://registry.npmjs.org/ee-first 133ms (cache miss)
172 http fetch GET 200 https://registry.npmjs.org/toidentifier 149ms (cache miss)
173 http fetch GET 200 https://registry.npmjs.org/setprototypeof 171ms (cache miss)
174 timing idealTree:node_modules/send Completed in 186ms
175 timing idealTree:node_modules/depd Completed in 0ms
176 timing idealTree:node_modules/destroy Completed in 0ms
177 timing idealTree:node_modules/etag Completed in 0ms
178 timing idealTree:node_modules/fresh Completed in 0ms
179 silly placeDep ROOT inherits@2.0.4 OK for: http-errors@2.0.0 want: 2.0.4
180 silly placeDep ROOT setprototypeof@1.2.0 OK for: http-errors@2.0.0 want: 1.2.0
181 silly placeDep ROOT toidentifier@1.0.1 OK for: http-errors@2.0.0 want: 1.0.1
182 timing idealTree:node_modules/http-errors Completed in 3ms
183 timing idealTree:node_modules/inherits Completed in 0ms
184 timing idealTree:node_modules/mime Completed in 0ms
185 silly placeDep ROOT ee-first@1.1.1 OK for: on-finished@2.4.1 want: 1.1.1
186 timing idealTree:node_modules/on-finished Completed in 1ms
187 timing idealTree:node_modules/ee-first Completed in 0ms
188 timing idealTree:node_modules/range-parser Completed in 0ms
189 timing idealTree:node_modules/setprototypeof Completed in 0ms
190 silly placeDep ROOT base64id@2.0.0 OK for: socket.io@4.7.4 want: ~2.0.0
191 silly placeDep ROOT cors@2.8.5 OK for: socket.io@4.7.4 want: ~2.8.5
192 silly placeDep node_modules/socket.io debug@4.3.4 OK for: socket.io@4.7.4 want: ~4.3.2
193 silly placeDep ROOT engine.io@6.5.4 OK for: socket.io@4.7.4 want: ~6.5.2
194 silly placeDep ROOT socket.io-adapter@2.5.2 OK for: socket.io@4.7.4 want: ~2.5.2
195 silly placeDep ROOT socket.io-parser@4.2.4 OK for: socket.io@4.7.4 want: ~4.2.4
196 silly fetch manifest object-assign@^4
197 silly fetch manifest ms@2.1.2
198 silly fetch manifest @types/cookie@^0.4.1
199 silly fetch manifest @types/cors@^2.8.12
200 silly fetch manifest @types/node@>=10.0.0
201 silly fetch manifest cookie@~0.4.1
202 silly fetch manifest debug@~4.3.1
203 silly fetch manifest engine.io-parser@~5.2.1
204 silly fetch manifest ws@~8.11.0
205 silly fetch manifest @socket.io/component-emitter@~3.1.0
206 http fetch GET 200 https://registry.npmjs.org/cookie 221ms (cache miss)
207 http fetch GET 200 https://registry.npmjs.org/@socket.io%2fcomponent-emitter 219ms (cache miss)
208 http fetch GET 200 https://registry.npmjs.org/object-assign 317ms (cache miss)
209 http fetch GET 200 https://registry.npmjs.org/engine.io-parser 313ms (cache miss)
210 http fetch GET 200 https://registry.npmjs.org/@types%2fcookie 318ms (cache miss)
211 http fetch GET 200 https://registry.npmjs.org/@types%2fcors 318ms (cache miss)
212 http fetch GET 200 https://registry.npmjs.org/ws 402ms (cache miss)
213 http fetch GET 200 https://registry.npmjs.org/@types%2fnode 919ms (cache miss)
214 timing idealTree:node_modules/socket.io Completed in 940ms
215 timing idealTree:node_modules/base64id Completed in 0ms
216 silly placeDep ROOT object-assign@4.1.1 OK for: cors@2.8.5 want: ^4
217 timing idealTree:node_modules/cors Completed in 1ms
218 silly fetch manifest bufferutil@^4.0.1
219 http fetch GET 200 https://registry.npmjs.org/bufferutil 131ms (cache miss)
220 silly fetch manifest utf-8-validate@^5.0.2
221 http fetch GET 200 https://registry.npmjs.org/utf-8-validate 166ms (cache miss)
222 silly placeDep ROOT @types/cookie@0.4.1 OK for: engine.io@6.5.4 want: ^0.4.1
223 silly placeDep ROOT @types/cors@2.8.17 OK for: engine.io@6.5.4 want: ^2.8.12
224 silly placeDep ROOT @types/node@20.11.16 OK for: engine.io@6.5.4 want: >=10.0.0
225 silly placeDep ROOT cookie@0.4.2 OK for: engine.io@6.5.4 want: ~0.4.1
226 silly placeDep node_modules/engine.io debug@4.3.4 OK for: engine.io@6.5.4 want: ~4.3.1
227 silly placeDep ROOT engine.io-parser@5.2.1 OK for: engine.io@6.5.4 want: ~5.2.1
228 silly placeDep ROOT ws@8.11.0 OK for: engine.io@6.5.4 want: ~8.11.0
229 silly fetch manifest undici-types@~5.26.4
230 http fetch GET 200 https://registry.npmjs.org/undici-types 139ms (cache miss)
231 timing idealTree:node_modules/engine.io Completed in 455ms
232 timing idealTree:node_modules/@types/cookie Completed in 0ms
233 timing idealTree:node_modules/@types/cors Completed in 0ms
234 silly placeDep ROOT undici-types@5.26.5 OK for: @types/node@20.11.16 want: ~5.26.4
235 timing idealTree:node_modules/@types/node Completed in 2ms
236 timing idealTree:node_modules/cookie Completed in 0ms
237 timing idealTree:node_modules/engine.io-parser Completed in 0ms
238 timing idealTree:node_modules/object-assign Completed in 0ms
239 timing idealTree:node_modules/socket.io-adapter Completed in 0ms
240 silly placeDep ROOT @socket.io/component-emitter@3.1.0 OK for: socket.io-parser@4.2.4 want: ~3.1.0
241 silly placeDep node_modules/socket.io-parser debug@4.3.4 OK for: socket.io-parser@4.2.4 want: ~4.3.1
242 timing idealTree:node_modules/socket.io-parser Completed in 5ms
243 timing idealTree:node_modules/@socket.io/component-emitter Completed in 0ms
244 timing idealTree:node_modules/statuses Completed in 0ms
245 timing idealTree:node_modules/toidentifier Completed in 0ms
246 timing idealTree:node_modules/undici-types Completed in 0ms
247 timing idealTree:node_modules/vary Completed in 0ms
248 timing idealTree:node_modules/ws Completed in 1ms
249 silly placeDep node_modules/engine.io ms@2.1.2 OK for: debug@4.3.4 want: 2.1.2
250 timing idealTree:node_modules/engine.io/node_modules/debug Completed in 1ms
251 timing idealTree:node_modules/engine.io/node_modules/ms Completed in 0ms
252 timing idealTree:node_modules/send/node_modules/ms Completed in 0ms
253 silly placeDep node_modules/socket.io-parser ms@2.1.2 OK for: debug@4.3.4 want: 2.1.2
254 timing idealTree:node_modules/socket.io-parser/node_modules/debug Completed in 2ms
255 timing idealTree:node_modules/socket.io-parser/node_modules/ms Completed in 0ms
256 silly placeDep node_modules/socket.io ms@2.1.2 OK for: debug@4.3.4 want: 2.1.2
257 timing idealTree:node_modules/socket.io/node_modules/debug Completed in 1ms
258 timing idealTree:node_modules/socket.io/node_modules/ms Completed in 0ms
259 timing idealTree:buildDeps Completed in 3462ms
260 timing idealTree:fixDepFlags Completed in 1ms
261 timing idealTree Completed in 3482ms
262 timing reify:loadTrees Completed in 3482ms
263 timing reify:diffTrees Completed in 4ms
264 silly reify moves {}
265 timing reify:retireShallow Completed in 1ms
266 timing reify:createSparse Completed in 17ms
267 timing reify:trashOmits Completed in 0ms
268 timing reify:loadBundles Completed in 0ms
269 silly tarball no local data for @socket.io/component-emitter@https://registry.npmjs.org/@socket.io/component-emitter/-/component-emitter-3.1.0.tgz. Extracting by manifest.
270 silly tarball no local data for undici-types@https://registry.npmjs.org/undici-types/-/undici-types-5.26.5.tgz. Extracting by manifest.
271 silly tarball no local data for ws@https://registry.npmjs.org/ws/-/ws-8.11.0.tgz. Extracting by manifest.
272 silly tarball no local data for engine.io-parser@https://registry.npmjs.org/engine.io-parser/-/engine.io-parser-5.2.1.tgz. Extracting by manifest.
273 silly tarball no local data for @types/node@https://registry.npmjs.org/@types/node/-/node-20.11.16.tgz. Extracting by manifest.
274 silly tarball no local data for cookie@https://registry.npmjs.org/cookie/-/cookie-0.4.2.tgz. Extracting by manifest.
275 silly tarball no local data for @types/cookie@https://registry.npmjs.org/@types/cookie/-/cookie-0.4.1.tgz. Extracting by manifest.
276 silly tarball no local data for @types/cors@https://registry.npmjs.org/@types/cors/-/cors-2.8.17.tgz. Extracting by manifest.
277 silly tarball no local data for object-assign@https://registry.npmjs.org/object-assign/-/object-assign-4.1.1.tgz. Extracting by manifest.
278 silly tarball no local data for socket.io-parser@https://registry.npmjs.org/socket.io-parser/-/socket.io-parser-4.2.4.tgz. Extracting by manifest.
279 silly tarball no local data for socket.io-adapter@https://registry.npmjs.org/socket.io-adapter/-/socket.io-adapter-2.5.2.tgz. Extracting by manifest.
280 silly tarball no local data for engine.io@https://registry.npmjs.org/engine.io/-/engine.io-6.5.4.tgz. Extracting by manifest.
281 silly tarball no local data for cors@https://registry.npmjs.org/cors/-/cors-2.8.5.tgz. Extracting by manifest.
282 silly tarball no local data for ee-first@https://registry.npmjs.org/ee-first/-/ee-first-1.1.1.tgz. Extracting by manifest.
283 silly tarball no local data for base64id@https://registry.npmjs.org/base64id/-/base64id-2.0.0.tgz. Extracting by manifest.
284 silly tarball no local data for toidentifier@https://registry.npmjs.org/toidentifier/-/toidentifier-1.0.1.tgz. Extracting by manifest.
285 silly tarball no local data for setprototypeof@https://registry.npmjs.org/setprototypeof/-/setprototypeof-1.2.0.tgz. Extracting by manifest.
286 silly tarball no local data for inherits@https://registry.npmjs.org/inherits/-/inherits-2.0.4.tgz. Extracting by manifest.
287 silly tarball no local data for range-parser@https://registry.npmjs.org/range-parser/-/range-parser-1.2.1.tgz. Extracting by manifest.
288 silly tarball no local data for on-finished@https://registry.npmjs.org/on-finished/-/on-finished-2.4.1.tgz. Extracting by manifest.
289 silly tarball no local data for mime@https://registry.npmjs.org/mime/-/mime-1.6.0.tgz. Extracting by manifest.
290 silly tarball no local data for statuses@https://registry.npmjs.org/statuses/-/statuses-2.0.1.tgz. Extracting by manifest.
291 silly tarball no local data for fresh@https://registry.npmjs.org/fresh/-/fresh-0.5.2.tgz. Extracting by manifest.
292 silly tarball no local data for destroy@https://registry.npmjs.org/destroy/-/destroy-1.2.0.tgz. Extracting by manifest.
293 silly tarball no local data for http-errors@https://registry.npmjs.org/http-errors/-/http-errors-2.0.0.tgz. Extracting by manifest.
294 silly tarball no local data for depd@https://registry.npmjs.org/depd/-/depd-2.0.0.tgz. Extracting by manifest.
295 silly tarball no local data for send@https://registry.npmjs.org/send/-/send-0.18.0.tgz. Extracting by manifest.
296 silly tarball no local data for etag@https://registry.npmjs.org/etag/-/etag-1.8.1.tgz. Extracting by manifest.
297 silly tarball no local data for parseurl@https://registry.npmjs.org/parseurl/-/parseurl-1.3.3.tgz. Extracting by manifest.
298 silly tarball no local data for escape-html@https://registry.npmjs.org/escape-html/-/escape-html-1.0.3.tgz. Extracting by manifest.
299 silly tarball no local data for encodeurl@https://registry.npmjs.org/encodeurl/-/encodeurl-1.0.2.tgz. Extracting by manifest.
300 silly tarball no local data for jquery@https://registry.npmjs.org/jquery/-/jquery-3.7.1.tgz. Extracting by manifest.
301 silly tarball no local data for mime-db@https://registry.npmjs.org/mime-db/-/mime-db-1.52.0.tgz. Extracting by manifest.
302 silly tarball no local data for ms@https://registry.npmjs.org/ms/-/ms-2.0.0.tgz. Extracting by manifest.
303 silly tarball no local data for mime-types@https://registry.npmjs.org/mime-types/-/mime-types-2.1.35.tgz. Extracting by manifest.
304 silly tarball no local data for vary@https://registry.npmjs.org/vary/-/vary-1.1.2.tgz. Extracting by manifest.
305 silly tarball no local data for safe-buffer@https://registry.npmjs.org/safe-buffer/-/safe-buffer-5.1.2.tgz. Extracting by manifest.
306 silly tarball no local data for on-headers@https://registry.npmjs.org/on-headers/-/on-headers-1.0.2.tgz. Extracting by manifest.
307 silly tarball no local data for debug@https://registry.npmjs.org/debug/-/debug-2.6.9.tgz. Extracting by manifest.
308 silly tarball no local data for negotiator@https://registry.npmjs.org/negotiator/-/negotiator-0.6.3.tgz. Extracting by manifest.
309 silly tarball no local data for compressible@https://registry.npmjs.org/compressible/-/compressible-2.0.18.tgz. Extracting by manifest.
310 silly tarball no local data for accepts@https://registry.npmjs.org/accepts/-/accepts-1.3.8.tgz. Extracting by manifest.
311 silly tarball no local data for bytes@https://registry.npmjs.org/bytes/-/bytes-3.0.0.tgz. Extracting by manifest.
312 silly tarball no local data for socket.io@https://registry.npmjs.org/socket.io/-/socket.io-4.7.4.tgz. Extracting by manifest.
313 silly tarball no local data for serve-static@https://registry.npmjs.org/serve-static/-/serve-static-1.15.0.tgz. Extracting by manifest.
314 silly tarball no local data for gridstack@https://registry.npmjs.org/gridstack/-/gridstack-0.6.4.tgz. Extracting by manifest.
315 silly tarball no local data for compression@https://registry.npmjs.org/compression/-/compression-1.7.4.tgz. Extracting by manifest.
316 silly tarball no local data for node-red-dashboard@https://registry.npmjs.org/node-red-dashboard/-/node-red-dashboard-3.6.2.tgz. Extracting by manifest.
317 silly tarball no local data for ms@https://registry.npmjs.org/ms/-/ms-2.1.2.tgz. Extracting by manifest.
318 silly tarball no local data for debug@https://registry.npmjs.org/debug/-/debug-4.3.4.tgz. Extracting by manifest.
319 silly tarball no local data for ms@https://registry.npmjs.org/ms/-/ms-2.1.2.tgz. Extracting by manifest.
320 silly tarball no local data for debug@https://registry.npmjs.org/debug/-/debug-4.3.4.tgz. Extracting by manifest.
321 silly tarball no local data for ms@https://registry.npmjs.org/ms/-/ms-2.1.3.tgz. Extracting by manifest.
322 silly tarball no local data for ms@https://registry.npmjs.org/ms/-/ms-2.1.2.tgz. Extracting by manifest.
323 silly tarball no local data for debug@https://registry.npmjs.org/debug/-/debug-4.3.4.tgz. Extracting by manifest.
324 http fetch GET 200 https://registry.npmjs.org/cors/-/cors-2.8.5.tgz 218ms (cache miss)
325 timing reifyNode:node_modules/cors Completed in 264ms
326 http fetch GET 200 https://registry.npmjs.org/socket.io-adapter/-/socket.io-adapter-2.5.2.tgz 253ms (cache miss)
327 timing reifyNode:node_modules/socket.io-adapter Completed in 297ms
328 http fetch GET 200 https://registry.npmjs.org/ee-first/-/ee-first-1.1.1.tgz 270ms (cache miss)
329 timing reifyNode:node_modules/ee-first Completed in 319ms
330 http fetch GET 200 https://registry.npmjs.org/object-assign/-/object-assign-4.1.1.tgz 288ms (cache miss)
331 timing reifyNode:node_modules/object-assign Completed in 331ms
332 http fetch GET 200 https://registry.npmjs.org/base64id/-/base64id-2.0.0.tgz 313ms (cache miss)
333 timing reifyNode:node_modules/base64id Completed in 362ms
334 http fetch GET 200 https://registry.npmjs.org/cookie/-/cookie-0.4.2.tgz 338ms (cache miss)
335 timing reifyNode:node_modules/cookie Completed in 378ms
336 http fetch GET 200 https://registry.npmjs.org/@socket.io/component-emitter/-/component-emitter-3.1.0.tgz 361ms (cache miss)
337 timing reifyNode:node_modules/@socket.io/component-emitter Completed in 397ms
338 http fetch GET 200 https://registry.npmjs.org/@types/cors/-/cors-2.8.17.tgz 360ms (cache miss)
339 timing reifyNode:node_modules/@types/cors Completed in 402ms
340 http fetch GET 200 https://registry.npmjs.org/undici-types/-/undici-types-5.26.5.tgz 367ms (cache miss)
341 timing reifyNode:node_modules/undici-types Completed in 404ms
342 http fetch GET 200 https://registry.npmjs.org/@types/cookie/-/cookie-0.4.1.tgz 369ms (cache miss)
343 timing reifyNode:node_modules/@types/cookie Completed in 411ms
344 http fetch GET 200 https://registry.npmjs.org/socket.io-parser/-/socket.io-parser-4.2.4.tgz 376ms (cache miss)
345 http fetch GET 200 https://registry.npmjs.org/engine.io/-/engine.io-6.5.4.tgz 375ms (cache miss)
346 timing reifyNode:node_modules/engine.io Completed in 420ms
347 http fetch GET 200 https://registry.npmjs.org/ws/-/ws-8.11.0.tgz 386ms (cache miss)
348 timing reifyNode:node_modules/ws Completed in 423ms
349 timing reifyNode:node_modules/socket.io-parser Completed in 425ms
350 http fetch GET 200 https://registry.npmjs.org/range-parser/-/range-parser-1.2.1.tgz 372ms (cache miss)
351 timing reifyNode:node_modules/range-parser Completed in 425ms
352 http fetch GET 200 https://registry.npmjs.org/toidentifier/-/toidentifier-1.0.1.tgz 375ms (cache miss)
353 timing reifyNode:node_modules/toidentifier Completed in 426ms
354 http fetch GET 200 https://registry.npmjs.org/inherits/-/inherits-2.0.4.tgz 376ms (cache miss)
355 timing reifyNode:node_modules/inherits Completed in 429ms
356 http fetch GET 200 https://registry.npmjs.org/setprototypeof/-/setprototypeof-1.2.0.tgz 378ms (cache miss)
357 timing reifyNode:node_modules/setprototypeof Completed in 429ms
358 http fetch GET 200 https://registry.npmjs.org/on-finished/-/on-finished-2.4.1.tgz 377ms (cache miss)
359 timing reifyNode:node_modules/on-finished Completed in 431ms
360 http fetch GET 200 https://registry.npmjs.org/mime/-/mime-1.6.0.tgz 377ms (cache miss)
361 timing reifyNode:node_modules/mime Completed in 432ms
362 http fetch GET 200 https://registry.npmjs.org/engine.io-parser/-/engine.io-parser-5.2.1.tgz 396ms (cache miss)
363 timing reifyNode:node_modules/engine.io-parser Completed in 434ms
364 http fetch GET 200 https://registry.npmjs.org/fresh/-/fresh-0.5.2.tgz 416ms (cache miss)
365 timing reifyNode:node_modules/fresh Completed in 472ms
366 http fetch GET 200 https://registry.npmjs.org/statuses/-/statuses-2.0.1.tgz 456ms (cache miss)
367 timing reifyNode:node_modules/statuses Completed in 511ms
368 http fetch GET 200 https://registry.npmjs.org/etag/-/etag-1.8.1.tgz 448ms (cache miss)
369 timing reifyNode:node_modules/etag Completed in 512ms
370 http fetch GET 200 https://registry.npmjs.org/destroy/-/destroy-1.2.0.tgz 456ms (cache miss)
371 timing reifyNode:node_modules/destroy Completed in 513ms
372 http fetch GET 200 https://registry.npmjs.org/send/-/send-0.18.0.tgz 455ms (cache miss)
373 timing reifyNode:node_modules/send Completed in 518ms
374 http fetch GET 200 https://registry.npmjs.org/depd/-/depd-2.0.0.tgz 457ms (cache miss)
375 timing reifyNode:node_modules/depd Completed in 519ms
376 http fetch GET 200 https://registry.npmjs.org/encodeurl/-/encodeurl-1.0.2.tgz 542ms (cache miss)
377 timing reifyNode:node_modules/encodeurl Completed in 610ms
378 http fetch GET 200 https://registry.npmjs.org/parseurl/-/parseurl-1.3.3.tgz 546ms (cache miss)
379 timing reifyNode:node_modules/parseurl Completed in 611ms
380 http fetch GET 200 https://registry.npmjs.org/escape-html/-/escape-html-1.0.3.tgz 545ms (cache miss)
381 timing reifyNode:node_modules/escape-html Completed in 611ms
382 http fetch GET 200 https://registry.npmjs.org/mime-db/-/mime-db-1.52.0.tgz 579ms (cache miss)
383 timing reifyNode:node_modules/mime-db Completed in 648ms
384 http fetch GET 200 https://registry.npmjs.org/mime-types/-/mime-types-2.1.35.tgz 644ms (cache miss)
385 timing reifyNode:node_modules/mime-types Completed in 716ms
386 http fetch GET 200 https://registry.npmjs.org/ms/-/ms-2.0.0.tgz 646ms (cache miss)
387 timing reifyNode:node_modules/ms Completed in 718ms
388 http fetch GET 200 https://registry.npmjs.org/vary/-/vary-1.1.2.tgz 702ms (cache miss)
389 timing reifyNode:node_modules/vary Completed in 775ms
390 http fetch GET 200 https://registry.npmjs.org/http-errors/-/http-errors-2.0.0.tgz 765ms (cache miss)
391 timing reifyNode:node_modules/http-errors Completed in 823ms
392 http fetch GET 200 https://registry.npmjs.org/@types/node/-/node-20.11.16.tgz 804ms (cache miss)
393 timing reifyNode:node_modules/@types/node Completed in 847ms
394 http fetch GET 200 https://registry.npmjs.org/safe-buffer/-/safe-buffer-5.1.2.tgz 767ms (cache miss)
395 timing reifyNode:node_modules/safe-buffer Completed in 848ms
396 http fetch GET 200 https://registry.npmjs.org/debug/-/debug-2.6.9.tgz 772ms (cache miss)
397 timing reifyNode:node_modules/debug Completed in 855ms
398 http fetch GET 200 https://registry.npmjs.org/compressible/-/compressible-2.0.18.tgz 771ms (cache miss)
399 timing reifyNode:node_modules/compressible Completed in 856ms
400 http fetch GET 200 https://registry.npmjs.org/on-headers/-/on-headers-1.0.2.tgz 776ms (cache miss)
401 timing reifyNode:node_modules/on-headers Completed in 858ms
402 http fetch GET 200 https://registry.npmjs.org/negotiator/-/negotiator-0.6.3.tgz 774ms (cache miss)
403 timing reifyNode:node_modules/negotiator Completed in 858ms
404 http fetch GET 200 https://registry.npmjs.org/accepts/-/accepts-1.3.8.tgz 773ms (cache miss)
405 timing reifyNode:node_modules/accepts Completed in 860ms
406 http fetch GET 200 https://registry.npmjs.org/bytes/-/bytes-3.0.0.tgz 830ms (cache miss)
407 timing reifyNode:node_modules/bytes Completed in 917ms
408 http fetch GET 200 https://registry.npmjs.org/serve-static/-/serve-static-1.15.0.tgz 1060ms (cache miss)
409 timing reifyNode:node_modules/serve-static Completed in 1149ms
410 http fetch GET 200 https://registry.npmjs.org/compression/-/compression-1.7.4.tgz 1063ms (cache miss)
411 timing reifyNode:node_modules/compression Completed in 1154ms
412 http fetch GET 200 https://registry.npmjs.org/jquery/-/jquery-3.7.1.tgz 1124ms (cache miss)
413 timing reifyNode:node_modules/jquery Completed in 1194ms
414 http fetch GET 200 https://registry.npmjs.org/ms/-/ms-2.1.2.tgz 1167ms (cache miss)
415 timing reifyNode:node_modules/engine.io/node_modules/ms Completed in 1264ms
416 http fetch GET 200 https://registry.npmjs.org/ms/-/ms-2.1.2.tgz 1166ms (cache miss)
417 timing reifyNode:node_modules/socket.io/node_modules/ms Completed in 1265ms
418 http fetch GET 200 https://registry.npmjs.org/ms/-/ms-2.1.2.tgz 1172ms (cache miss)
419 timing reifyNode:node_modules/socket.io-parser/node_modules/ms Completed in 1268ms
420 http fetch GET 200 https://registry.npmjs.org/ms/-/ms-2.1.3.tgz 1168ms (cache miss)
421 timing reifyNode:node_modules/send/node_modules/ms Completed in 1267ms
422 http fetch GET 200 https://registry.npmjs.org/debug/-/debug-4.3.4.tgz 1173ms (cache miss)
423 timing reifyNode:node_modules/socket.io-parser/node_modules/debug Completed in 1270ms
424 http fetch GET 200 https://registry.npmjs.org/debug/-/debug-4.3.4.tgz 1171ms (cache miss)
425 timing reifyNode:node_modules/engine.io/node_modules/debug Completed in 1269ms
426 http fetch GET 200 https://registry.npmjs.org/debug/-/debug-4.3.4.tgz 1234ms (cache miss)
427 timing reifyNode:node_modules/socket.io/node_modules/debug Completed in 1335ms
428 http fetch GET 200 https://registry.npmjs.org/socket.io/-/socket.io-4.7.4.tgz 1249ms (cache miss)
429 timing reifyNode:node_modules/socket.io Completed in 1338ms
430 http fetch GET 200 https://registry.npmjs.org/gridstack/-/gridstack-0.6.4.tgz 1362ms (cache miss)
431 timing reifyNode:node_modules/gridstack Completed in 1452ms
432 http fetch GET 200 https://registry.npmjs.org/node-red-dashboard/-/node-red-dashboard-3.6.2.tgz 2221ms (cache miss)
433 timing reifyNode:node_modules/node-red-dashboard Completed in 2313ms
434 timing reify:unpack Completed in 2316ms
435 timing reify:unretire Completed in 1ms
436 timing build:queue Completed in 6ms
437 timing build:link:node_modules/mime Completed in 4ms
438 timing build:link Completed in 4ms
439 timing build:deps Completed in 11ms
440 timing build Completed in 12ms
441 timing reify:build Completed in 12ms
442 timing reify:trash Completed in 0ms
443 timing reify:save Completed in 17ms
444 timing reify Completed in 5866ms
445 silly ADD node_modules/@socket.io/component-emitter
446 silly ADD node_modules/undici-types
447 silly ADD node_modules/ws
448 silly ADD node_modules/engine.io-parser
449 silly ADD node_modules/cookie
450 silly ADD node_modules/@types/node
451 silly ADD node_modules/@types/cors
452 silly ADD node_modules/@types/cookie
453 silly ADD node_modules/object-assign
454 silly ADD node_modules/socket.io-parser
455 silly ADD node_modules/socket.io-parser/node_modules/ms
456 silly ADD node_modules/socket.io-parser/node_modules/debug
457 silly ADD node_modules/socket.io-adapter
458 silly ADD node_modules/engine.io
459 silly ADD node_modules/engine.io/node_modules/ms
460 silly ADD node_modules/engine.io/node_modules/debug
461 silly ADD node_modules/cors
462 silly ADD node_modules/base64id
463 silly ADD node_modules/ee-first
464 silly ADD node_modules/toidentifier
465 silly ADD node_modules/setprototypeof
466 silly ADD node_modules/inherits
467 silly ADD node_modules/statuses
468 silly ADD node_modules/range-parser
469 silly ADD node_modules/on-finished
470 silly ADD node_modules/mime
471 silly ADD node_modules/http-errors
472 silly ADD node_modules/fresh
473 silly ADD node_modules/etag
474 silly ADD node_modules/destroy
475 silly ADD node_modules/depd
476 silly ADD node_modules/send
477 silly ADD node_modules/send/node_modules/ms
478 silly ADD node_modules/parseurl
479 silly ADD node_modules/escape-html
480 silly ADD node_modules/encodeurl
481 silly ADD node_modules/jquery
482 silly ADD node_modules/ms
483 silly ADD node_modules/mime-db
484 silly ADD node_modules/negotiator
485 silly ADD node_modules/mime-types
486 silly ADD node_modules/vary
487 silly ADD node_modules/safe-buffer
488 silly ADD node_modules/on-headers
489 silly ADD node_modules/debug
490 silly ADD node_modules/compressible
491 silly ADD node_modules/bytes
492 silly ADD node_modules/accepts
493 silly ADD node_modules/socket.io
494 silly ADD node_modules/socket.io/node_modules/ms
495 silly ADD node_modules/socket.io/node_modules/debug
496 silly ADD node_modules/serve-static
497 silly ADD node_modules/gridstack
498 silly ADD node_modules/compression
499 silly ADD node_modules/node-red-dashboard
500 timing command:install Completed in 5870ms
501 verbose exit 0
502 timing npm Completed in 5976ms
503 info ok
