0 verbose cli /usr/local/bin/node /usr/local/bin/npm
1 info using npm@8.19.4
2 info using node@v16.20.2
3 timing npm:load:whichnode Completed in 0ms
4 timing config:load:defaults Completed in 1ms
5 timing config:load:file:/usr/local/lib/node_modules/npm/npmrc Completed in 2ms
6 timing config:load:builtin Completed in 2ms
7 warn config production Use `--omit=dev` instead.
8 timing config:load:cli Completed in 3ms
9 timing config:load:env Completed in 0ms
10 timing config:load:file:/data/.npmrc Completed in 0ms
11 timing config:load:project Completed in 7ms
12 timing config:load:file:/usr/src/node-red/.npmrc Completed in 0ms
13 timing config:load:user Completed in 0ms
14 timing config:load:file:/usr/local/etc/npmrc Completed in 2ms
15 timing config:load:global Completed in 2ms
16 timing config:load:validate Completed in 0ms
17 timing config:load:credentials Completed in 1ms
18 timing config:load:setEnvs Completed in 1ms
19 timing config:load Completed in 17ms
20 timing npm:load:configload Completed in 17ms
21 timing npm:load:mkdirpcache Completed in 1ms
22 timing npm:load:mkdirplogs Completed in 0ms
23 verbose title npm install node-red-contrib-influxdb@0.7.0
24 verbose argv "install" "--no-audit" "--no-update-notifier" "--no-fund" "--save" "--save-prefix" "~" "--production" "--engine-strict" "node-red-contrib-influxdb@0.7.0"
25 timing npm:load:setTitle Completed in 2ms
26 timing config:load:flatten Completed in 2ms
27 timing npm:load:display Completed in 4ms
28 verbose logfile logs-max:10 dir:/data/.npm/_logs
29 verbose logfile /data/.npm/_logs/2024-02-02T14_55_39_149Z-debug-0.log
30 timing npm:load:logFile Completed in 5ms
31 timing npm:load:timers Completed in 0ms
32 timing npm:load:configScope Completed in 0ms
33 timing npm:load Completed in 29ms
34 timing arborist:ctor Completed in 0ms
35 silly logfile done cleaning log files
36 timing idealTree:init Completed in 59ms
37 timing idealTree:userRequests Completed in 3ms
38 silly idealTree buildDeps
39 silly fetch manifest node-red-contrib-influxdb@0.7.0
40 timing arborist:ctor Completed in 1ms
41 http fetch GET 200 https://registry.npmjs.org/node-red-contrib-influxdb 1155ms (cache miss)
42 silly placeDep ROOT node-red-contrib-influxdb@0.7.0 OK for: node-red-project@0.0.1 want: 0.7.0
43 silly fetch manifest influx@~5.9.3
44 silly fetch manifest @influxdata/influxdb-client@~1.33.2
45 silly fetch manifest lodash@~4.17.21
46 http fetch GET 200 https://registry.npmjs.org/lodash 367ms (cache miss)
47 http fetch GET 200 https://registry.npmjs.org/influx 906ms (cache miss)
48 http fetch GET 200 https://registry.npmjs.org/@influxdata%2finfluxdb-client 2541ms (cache miss)
49 timing idealTree:#root Completed in 3711ms
50 silly placeDep ROOT @influxdata/influxdb-client@1.33.2 OK for: node-red-contrib-influxdb@0.7.0 want: ~1.33.2
51 silly placeDep ROOT influx@5.9.3 OK for: node-red-contrib-influxdb@0.7.0 want: ~5.9.3
52 silly placeDep ROOT lodash@4.17.21 OK for: node-red-contrib-influxdb@0.7.0 want: ~4.17.21
53 timing idealTree:node_modules/node-red-contrib-influxdb Completed in 3ms
54 timing idealTree:node_modules/@influxdata/influxdb-client Completed in 0ms
55 timing idealTree:node_modules/influx Completed in 0ms
56 timing idealTree:node_modules/lodash Completed in 0ms
57 timing idealTree:buildDeps Completed in 3717ms
58 timing idealTree:fixDepFlags Completed in 1ms
59 timing idealTree Completed in 3782ms
60 timing reify:loadTrees Completed in 3783ms
61 timing reify:diffTrees Completed in 4ms
62 silly reify moves {}
63 timing reify:retireShallow Completed in 2ms
64 timing reify:createSparse Completed in 4ms
65 timing reify:trashOmits Completed in 0ms
66 timing reify:loadBundles Completed in 0ms
67 silly tarball no local data for influx@https://registry.npmjs.org/influx/-/influx-5.9.3.tgz. Extracting by manifest.
68 silly tarball no local data for @influxdata/influxdb-client@https://registry.npmjs.org/@influxdata/influxdb-client/-/influxdb-client-1.33.2.tgz. Extracting by manifest.
69 silly tarball no local data for node-red-contrib-influxdb@https://registry.npmjs.org/node-red-contrib-influxdb/-/node-red-contrib-influxdb-0.7.0.tgz. Extracting by manifest.
70 silly tarball no local data for lodash@https://registry.npmjs.org/lodash/-/lodash-4.17.21.tgz. Extracting by manifest.
71 http fetch GET 200 https://registry.npmjs.org/node-red-contrib-influxdb/-/node-red-contrib-influxdb-0.7.0.tgz 194ms (cache miss)
72 timing reifyNode:node_modules/node-red-contrib-influxdb Completed in 203ms
73 http fetch GET 200 https://registry.npmjs.org/influx/-/influx-5.9.3.tgz 207ms (cache miss)
74 timing reifyNode:node_modules/influx Completed in 215ms
75 http fetch GET 200 https://registry.npmjs.org/lodash/-/lodash-4.17.21.tgz 658ms (cache miss)
76 timing reifyNode:node_modules/lodash Completed in 669ms
77 http fetch GET 200 https://registry.npmjs.org/@influxdata/influxdb-client/-/influxdb-client-1.33.2.tgz 726ms (cache miss)
78 timing reifyNode:node_modules/@influxdata/influxdb-client Completed in 735ms
79 timing reify:unpack Completed in 735ms
80 timing reify:unretire Completed in 0ms
81 timing build:queue Completed in 1ms
82 timing build:deps Completed in 1ms
83 timing build Completed in 1ms
84 timing reify:build Completed in 2ms
85 timing reify:trash Completed in 0ms
86 timing reify:save Completed in 15ms
87 timing reify Completed in 4556ms
88 silly ADD node_modules/lodash
89 silly ADD node_modules/influx
90 silly ADD node_modules/@influxdata/influxdb-client
91 silly ADD node_modules/node-red-contrib-influxdb
92 timing command:install Completed in 4559ms
93 verbose exit 0
94 timing npm Completed in 4665ms
95 info ok
