0 verbose cli /usr/local/bin/node /usr/local/bin/npm
1 info using npm@8.19.4
2 info using node@v16.20.2
3 timing npm:load:whichnode Completed in 0ms
4 timing config:load:defaults Completed in 2ms
5 timing config:load:file:/usr/local/lib/node_modules/npm/npmrc Completed in 0ms
6 timing config:load:builtin Completed in 0ms
7 warn config production Use `--omit=dev` instead.
8 timing config:load:cli Completed in 2ms
9 timing config:load:env Completed in 0ms
10 timing config:load:file:/data/.npmrc Completed in 0ms
11 timing config:load:project Completed in 2ms
12 timing config:load:file:/usr/src/node-red/.npmrc Completed in 1ms
13 timing config:load:user Completed in 1ms
14 timing config:load:file:/usr/local/etc/npmrc Completed in 1ms
15 timing config:load:global Completed in 1ms
16 timing config:load:validate Completed in 0ms
17 timing config:load:credentials Completed in 1ms
18 timing config:load:setEnvs Completed in 1ms
19 timing config:load Completed in 11ms
20 timing npm:load:configload Completed in 11ms
21 timing npm:load:mkdirpcache Completed in 3ms
22 timing npm:load:mkdirplogs Completed in 1ms
23 verbose title npm install @meowwolf/node-red-contrib-amqp@2.4.1
24 verbose argv "install" "--no-audit" "--no-update-notifier" "--no-fund" "--save" "--save-prefix" "~" "--production" "--engine-strict" "@meowwolf/node-red-contrib-amqp@2.4.1"
25 timing npm:load:setTitle Completed in 1ms
26 timing config:load:flatten Completed in 3ms
27 timing npm:load:display Completed in 6ms
28 verbose logfile logs-max:10 dir:/data/.npm/_logs
29 verbose logfile /data/.npm/_logs/2024-02-06T10_57_20_757Z-debug-0.log
30 timing npm:load:logFile Completed in 4ms
31 timing npm:load:timers Completed in 0ms
32 timing npm:load:configScope Completed in 0ms
33 timing npm:load Completed in 27ms
34 timing arborist:ctor Completed in 0ms
35 silly logfile done cleaning log files
36 timing idealTree:init Completed in 57ms
37 timing idealTree:userRequests Completed in 1ms
38 silly idealTree buildDeps
39 silly fetch manifest @meowwolf/node-red-contrib-amqp@2.4.1
40 timing arborist:ctor Completed in 0ms
41 http fetch GET 200 https://registry.npmjs.org/@meowwolf%2fnode-red-contrib-amqp 2066ms (cache miss)
42 silly placeDep ROOT @meowwolf/node-red-contrib-amqp@2.4.1 OK for: node-red-project@0.0.1 want: 2.4.1
43 silly fetch manifest amqplib@^0.8.0
44 silly fetch manifest lodash.clonedeep@^4.5.0
45 silly fetch manifest rimraf@^3.0.2
46 silly fetch manifest uuid@^8.3.2
47 http fetch GET 200 https://registry.npmjs.org/amqplib 17ms (cache hit)
48 http fetch GET 200 https://registry.npmjs.org/lodash.clonedeep 108ms (cache miss)
49 http fetch GET 200 https://registry.npmjs.org/uuid 238ms (cache miss)
50 http fetch GET 200 https://registry.npmjs.org/rimraf 265ms (cache miss)
51 timing idealTree:#root Completed in 2340ms
52 silly placeDep ROOT amqplib@0.8.0 OK for: @meowwolf/node-red-contrib-amqp@2.4.1 want: ^0.8.0
53 silly placeDep ROOT lodash.clonedeep@4.5.0 OK for: @meowwolf/node-red-contrib-amqp@2.4.1 want: ^4.5.0
54 silly placeDep ROOT rimraf@3.0.2 OK for: @meowwolf/node-red-contrib-amqp@2.4.1 want: ^3.0.2
55 silly placeDep ROOT uuid@8.3.2 OK for: @meowwolf/node-red-contrib-amqp@2.4.1 want: ^8.3.2
56 silly fetch manifest bitsyntax@~0.1.0
57 silly fetch manifest bluebird@^3.7.2
58 silly fetch manifest buffer-more-ints@~1.0.0
59 silly fetch manifest readable-stream@1.x >=1.1.9
60 silly fetch manifest safe-buffer@~5.2.1
61 silly fetch manifest url-parse@~1.5.1
62 silly fetch manifest glob@^7.1.3
63 http fetch GET 200 https://registry.npmjs.org/bitsyntax 23ms (cache hit)
64 http fetch GET 200 https://registry.npmjs.org/buffer-more-ints 22ms (cache hit)
65 http fetch GET 200 https://registry.npmjs.org/bluebird 23ms (cache hit)
66 http fetch GET 200 https://registry.npmjs.org/readable-stream 25ms (cache hit)
67 http fetch GET 200 https://registry.npmjs.org/safe-buffer 131ms (cache revalidated)
68 http fetch GET 200 https://registry.npmjs.org/glob 133ms (cache miss)
69 http fetch GET 200 https://registry.npmjs.org/url-parse 137ms (cache miss)
70 timing idealTree:node_modules/@meowwolf/node-red-contrib-amqp Completed in 147ms
71 silly placeDep ROOT bitsyntax@0.1.0 OK for: amqplib@0.8.0 want: ~0.1.0
72 silly placeDep ROOT bluebird@3.7.2 OK for: amqplib@0.8.0 want: ^3.7.2
73 silly placeDep ROOT buffer-more-ints@1.0.0 OK for: amqplib@0.8.0 want: ~1.0.0
74 silly placeDep ROOT readable-stream@1.1.14 OK for: amqplib@0.8.0 want: 1.x >=1.1.9
75 silly placeDep node_modules/amqplib safe-buffer@5.2.1 OK for: amqplib@0.8.0 want: ~5.2.1
76 silly placeDep ROOT url-parse@1.5.10 OK for: amqplib@0.8.0 want: ~1.5.1
77 silly fetch manifest core-util-is@~1.0.0
78 silly fetch manifest isarray@0.0.1
79 silly fetch manifest string_decoder@~0.10.x
80 silly fetch manifest querystringify@^2.1.1
81 silly fetch manifest requires-port@^1.0.0
82 http fetch GET 200 https://registry.npmjs.org/core-util-is 16ms (cache hit)
83 http fetch GET 200 https://registry.npmjs.org/isarray 16ms (cache hit)
84 http fetch GET 200 https://registry.npmjs.org/string_decoder 16ms (cache hit)
85 http fetch GET 200 https://registry.npmjs.org/requires-port 89ms (cache miss)
86 http fetch GET 200 https://registry.npmjs.org/querystringify 105ms (cache miss)
87 timing idealTree:node_modules/amqplib Completed in 117ms
88 timing idealTree:node_modules/bitsyntax Completed in 0ms
89 timing idealTree:node_modules/bluebird Completed in 0ms
90 timing idealTree:node_modules/buffer-more-ints Completed in 0ms
91 timing idealTree:node_modules/lodash.clonedeep Completed in 0ms
92 silly placeDep ROOT core-util-is@1.0.3 OK for: readable-stream@1.1.14 want: ~1.0.0
93 silly placeDep ROOT isarray@0.0.1 OK for: readable-stream@1.1.14 want: 0.0.1
94 silly placeDep ROOT string_decoder@0.10.31 OK for: readable-stream@1.1.14 want: ~0.10.x
95 timing idealTree:node_modules/readable-stream Completed in 3ms
96 timing idealTree:node_modules/core-util-is Completed in 0ms
97 timing idealTree:node_modules/isarray Completed in 0ms
98 silly placeDep ROOT glob@7.2.3 OK for: rimraf@3.0.2 want: ^7.1.3
99 silly fetch manifest fs.realpath@^1.0.0
100 silly fetch manifest inflight@^1.0.4
101 silly fetch manifest minimatch@^3.1.1
102 silly fetch manifest once@^1.3.0
103 silly fetch manifest path-is-absolute@^1.0.0
104 http fetch GET 200 https://registry.npmjs.org/inflight 154ms (cache miss)
105 http fetch GET 200 https://registry.npmjs.org/fs.realpath 158ms (cache miss)
106 http fetch GET 200 https://registry.npmjs.org/minimatch 161ms (cache miss)
107 http fetch GET 200 https://registry.npmjs.org/once 244ms (cache miss)
108 http fetch GET 200 https://registry.npmjs.org/path-is-absolute 261ms (cache miss)
109 timing idealTree:node_modules/rimraf Completed in 266ms
110 silly placeDep ROOT fs.realpath@1.0.0 OK for: glob@7.2.3 want: ^1.0.0
111 silly placeDep ROOT inflight@1.0.6 OK for: glob@7.2.3 want: ^1.0.4
112 silly placeDep ROOT minimatch@3.1.2 OK for: glob@7.2.3 want: ^3.1.1
113 silly placeDep ROOT once@1.4.0 OK for: glob@7.2.3 want: ^1.3.0
114 silly placeDep ROOT path-is-absolute@1.0.1 OK for: glob@7.2.3 want: ^1.0.0
115 silly fetch manifest wrappy@1
116 silly fetch manifest brace-expansion@^1.1.7
117 http fetch GET 200 https://registry.npmjs.org/wrappy 107ms (cache miss)
118 http fetch GET 200 https://registry.npmjs.org/brace-expansion 147ms (cache miss)
119 timing idealTree:node_modules/glob Completed in 153ms
120 timing idealTree:node_modules/fs.realpath Completed in 0ms
121 silly placeDep ROOT wrappy@1.0.2 OK for: inflight@1.0.6 want: 1
122 timing idealTree:node_modules/inflight Completed in 1ms
123 silly placeDep ROOT brace-expansion@1.1.11 OK for: minimatch@3.1.2 want: ^1.1.7
124 silly fetch manifest balanced-match@^1.0.0
125 silly fetch manifest concat-map@0.0.1
126 http fetch GET 200 https://registry.npmjs.org/concat-map 100ms (cache miss)
127 http fetch GET 200 https://registry.npmjs.org/balanced-match 119ms (cache miss)
128 timing idealTree:node_modules/minimatch Completed in 122ms
129 silly placeDep ROOT balanced-match@1.0.2 OK for: brace-expansion@1.1.11 want: ^1.0.0
130 silly placeDep ROOT concat-map@0.0.1 OK for: brace-expansion@1.1.11 want: 0.0.1
131 timing idealTree:node_modules/brace-expansion Completed in 1ms
132 timing idealTree:node_modules/balanced-match Completed in 0ms
133 timing idealTree:node_modules/concat-map Completed in 0ms
134 timing idealTree:node_modules/once Completed in 0ms
135 timing idealTree:node_modules/path-is-absolute Completed in 0ms
136 timing idealTree:node_modules/string_decoder Completed in 0ms
137 silly placeDep ROOT querystringify@2.2.0 OK for: url-parse@1.5.10 want: ^2.1.1
138 silly placeDep ROOT requires-port@1.0.0 OK for: url-parse@1.5.10 want: ^1.0.0
139 timing idealTree:node_modules/url-parse Completed in 3ms
140 timing idealTree:node_modules/querystringify Completed in 0ms
141 timing idealTree:node_modules/requires-port Completed in 0ms
142 timing idealTree:node_modules/uuid Completed in 0ms
143 timing idealTree:node_modules/wrappy Completed in 0ms
144 timing idealTree:node_modules/amqplib/node_modules/safe-buffer Completed in 0ms
145 timing idealTree:buildDeps Completed in 3155ms
146 timing idealTree:fixDepFlags Completed in 2ms
147 timing idealTree Completed in 3221ms
148 timing reify:loadTrees Completed in 3221ms
149 timing reify:diffTrees Completed in 4ms
150 silly reify moves {}
151 timing reify:retireShallow Completed in 1ms
152 timing reify:createSparse Completed in 13ms
153 timing reify:trashOmits Completed in 1ms
154 timing reify:loadBundles Completed in 0ms
155 silly tarball no local data for querystringify@https://registry.npmjs.org/querystringify/-/querystringify-2.2.0.tgz. Extracting by manifest.
156 silly tarball no local data for concat-map@https://registry.npmjs.org/concat-map/-/concat-map-0.0.1.tgz. Extracting by manifest.
157 silly tarball no local data for requires-port@https://registry.npmjs.org/requires-port/-/requires-port-1.0.0.tgz. Extracting by manifest.
158 silly tarball no local data for brace-expansion@https://registry.npmjs.org/brace-expansion/-/brace-expansion-1.1.11.tgz. Extracting by manifest.
159 silly tarball no local data for balanced-match@https://registry.npmjs.org/balanced-match/-/balanced-match-1.0.2.tgz. Extracting by manifest.
160 silly tarball no local data for wrappy@https://registry.npmjs.org/wrappy/-/wrappy-1.0.2.tgz. Extracting by manifest.
161 silly tarball no local data for path-is-absolute@https://registry.npmjs.org/path-is-absolute/-/path-is-absolute-1.0.1.tgz. Extracting by manifest.
162 silly tarball no local data for once@https://registry.npmjs.org/once/-/once-1.4.0.tgz. Extracting by manifest.
163 silly tarball no local data for minimatch@https://registry.npmjs.org/minimatch/-/minimatch-3.1.2.tgz. Extracting by manifest.
164 silly tarball no local data for inflight@https://registry.npmjs.org/inflight/-/inflight-1.0.6.tgz. Extracting by manifest.
165 silly tarball no local data for fs.realpath@https://registry.npmjs.org/fs.realpath/-/fs.realpath-1.0.0.tgz. Extracting by manifest.
166 silly tarball no local data for glob@https://registry.npmjs.org/glob/-/glob-7.2.3.tgz. Extracting by manifest.
167 silly tarball no local data for string_decoder@https://registry.npmjs.org/string_decoder/-/string_decoder-0.10.31.tgz. Extracting by manifest.
168 silly tarball no local data for isarray@https://registry.npmjs.org/isarray/-/isarray-0.0.1.tgz. Extracting by manifest.
169 silly tarball no local data for core-util-is@https://registry.npmjs.org/core-util-is/-/core-util-is-1.0.3.tgz. Extracting by manifest.
170 silly tarball no local data for buffer-more-ints@https://registry.npmjs.org/buffer-more-ints/-/buffer-more-ints-1.0.0.tgz. Extracting by manifest.
171 silly tarball no local data for url-parse@https://registry.npmjs.org/url-parse/-/url-parse-1.5.10.tgz. Extracting by manifest.
172 silly tarball no local data for readable-stream@https://registry.npmjs.org/readable-stream/-/readable-stream-1.1.14.tgz. Extracting by manifest.
173 silly tarball no local data for bitsyntax@https://registry.npmjs.org/bitsyntax/-/bitsyntax-0.1.0.tgz. Extracting by manifest.
174 silly tarball no local data for uuid@https://registry.npmjs.org/uuid/-/uuid-8.3.2.tgz. Extracting by manifest.
175 silly tarball no local data for bluebird@https://registry.npmjs.org/bluebird/-/bluebird-3.7.2.tgz. Extracting by manifest.
176 silly tarball no local data for lodash.clonedeep@https://registry.npmjs.org/lodash.clonedeep/-/lodash.clonedeep-4.5.0.tgz. Extracting by manifest.
177 silly tarball no local data for rimraf@https://registry.npmjs.org/rimraf/-/rimraf-3.0.2.tgz. Extracting by manifest.
178 silly tarball no local data for amqplib@https://registry.npmjs.org/amqplib/-/amqplib-0.8.0.tgz. Extracting by manifest.
179 silly tarball no local data for @meowwolf/node-red-contrib-amqp@https://registry.npmjs.org/@meowwolf/node-red-contrib-amqp/-/node-red-contrib-amqp-2.4.1.tgz. Extracting by manifest.
180 silly tarball no local data for safe-buffer@https://registry.npmjs.org/safe-buffer/-/safe-buffer-5.2.1.tgz. Extracting by manifest.
181 http fetch GET 200 https://registry.npmjs.org/balanced-match/-/balanced-match-1.0.2.tgz 220ms (cache miss)
182 timing reifyNode:node_modules/balanced-match Completed in 242ms
183 http fetch GET 200 https://registry.npmjs.org/concat-map/-/concat-map-0.0.1.tgz 224ms (cache miss)
184 timing reifyNode:node_modules/concat-map Completed in 244ms
185 http fetch GET 200 https://registry.npmjs.org/requires-port/-/requires-port-1.0.0.tgz 223ms (cache miss)
186 timing reifyNode:node_modules/requires-port Completed in 244ms
187 http fetch GET 200 https://registry.npmjs.org/querystringify/-/querystringify-2.2.0.tgz 227ms (cache miss)
188 timing reifyNode:node_modules/querystringify Completed in 245ms
189 http fetch GET 200 https://registry.npmjs.org/brace-expansion/-/brace-expansion-1.1.11.tgz 226ms (cache miss)
190 timing reifyNode:node_modules/brace-expansion Completed in 247ms
191 http fetch GET 200 https://registry.npmjs.org/buffer-more-ints/-/buffer-more-ints-1.0.0.tgz 266ms (cache miss)
192 timing reifyNode:node_modules/buffer-more-ints Completed in 307ms
193 http fetch GET 200 https://registry.npmjs.org/url-parse/-/url-parse-1.5.10.tgz 271ms (cache miss)
194 timing reifyNode:node_modules/url-parse Completed in 313ms
195 http fetch GET 200 https://registry.npmjs.org/readable-stream/-/readable-stream-1.1.14.tgz 270ms (cache miss)
196 timing reifyNode:node_modules/readable-stream Completed in 317ms
197 http fetch GET 200 https://registry.npmjs.org/once/-/once-1.4.0.tgz 422ms (cache miss)
198 timing reifyNode:node_modules/once Completed in 448ms
199 http fetch GET 200 https://registry.npmjs.org/path-is-absolute/-/path-is-absolute-1.0.1.tgz 424ms (cache miss)
200 timing reifyNode:node_modules/path-is-absolute Completed in 449ms
201 http fetch GET 200 https://registry.npmjs.org/isarray/-/isarray-0.0.1.tgz 416ms (cache miss)
202 timing reifyNode:node_modules/isarray Completed in 452ms
203 http fetch GET 200 https://registry.npmjs.org/string_decoder/-/string_decoder-0.10.31.tgz 418ms (cache miss)
204 timing reifyNode:node_modules/string_decoder Completed in 453ms
205 http fetch GET 200 https://registry.npmjs.org/core-util-is/-/core-util-is-1.0.3.tgz 415ms (cache miss)
206 timing reifyNode:node_modules/core-util-is Completed in 454ms
207 http fetch GET 200 https://registry.npmjs.org/wrappy/-/wrappy-1.0.2.tgz 432ms (cache miss)
208 timing reifyNode:node_modules/wrappy Completed in 456ms
209 http fetch GET 200 https://registry.npmjs.org/lodash.clonedeep/-/lodash.clonedeep-4.5.0.tgz 405ms (cache miss)
210 timing reifyNode:node_modules/lodash.clonedeep Completed in 457ms
211 http fetch GET 200 https://registry.npmjs.org/fs.realpath/-/fs.realpath-1.0.0.tgz 432ms (cache miss)
212 timing reifyNode:node_modules/fs.realpath Completed in 465ms
213 http fetch GET 200 https://registry.npmjs.org/inflight/-/inflight-1.0.6.tgz 437ms (cache miss)
214 timing reifyNode:node_modules/inflight Completed in 473ms
215 http fetch GET 200 https://registry.npmjs.org/rimraf/-/rimraf-3.0.2.tgz 422ms (cache miss)
216 timing reifyNode:node_modules/rimraf Completed in 477ms
217 http fetch GET 200 https://registry.npmjs.org/minimatch/-/minimatch-3.1.2.tgz 449ms (cache miss)
218 timing reifyNode:node_modules/minimatch Completed in 477ms
219 http fetch GET 200 https://registry.npmjs.org/safe-buffer/-/safe-buffer-5.2.1.tgz 419ms (cache miss)
220 timing reifyNode:node_modules/amqplib/node_modules/safe-buffer Completed in 478ms
221 http fetch GET 200 https://registry.npmjs.org/glob/-/glob-7.2.3.tgz 447ms (cache miss)
222 timing reifyNode:node_modules/glob Completed in 480ms
223 http fetch GET 200 https://registry.npmjs.org/bitsyntax/-/bitsyntax-0.1.0.tgz 437ms (cache miss)
224 timing reifyNode:node_modules/bitsyntax Completed in 485ms
225 http fetch GET 200 https://registry.npmjs.org/uuid/-/uuid-8.3.2.tgz 462ms (cache miss)
226 timing reifyNode:node_modules/uuid Completed in 512ms
227 http fetch GET 200 https://registry.npmjs.org/bluebird/-/bluebird-3.7.2.tgz 480ms (cache miss)
228 timing reifyNode:node_modules/bluebird Completed in 531ms
229 http fetch GET 200 https://registry.npmjs.org/amqplib/-/amqplib-0.8.0.tgz 485ms (cache miss)
230 timing reifyNode:node_modules/amqplib Completed in 540ms
231 http fetch GET 200 https://registry.npmjs.org/@meowwolf/node-red-contrib-amqp/-/node-red-contrib-amqp-2.4.1.tgz 2007ms (cache miss)
232 timing reifyNode:node_modules/@meowwolf/node-red-contrib-amqp Completed in 2064ms
233 timing reify:unpack Completed in 2065ms
234 timing reify:unretire Completed in 0ms
235 timing build:queue Completed in 1ms
236 timing build:link:node_modules/rimraf Completed in 2ms
237 timing build:link:node_modules/uuid Completed in 2ms
238 timing build:link Completed in 2ms
239 timing build:deps Completed in 5ms
240 timing build Completed in 5ms
241 timing reify:build Completed in 5ms
242 timing reify:trash Completed in 0ms
243 timing reify:save Completed in 21ms
244 timing reify Completed in 5343ms
245 silly ADD node_modules/requires-port
246 silly ADD node_modules/querystringify
247 silly ADD node_modules/concat-map
248 silly ADD node_modules/balanced-match
249 silly ADD node_modules/brace-expansion
250 silly ADD node_modules/wrappy
251 silly ADD node_modules/path-is-absolute
252 silly ADD node_modules/once
253 silly ADD node_modules/minimatch
254 silly ADD node_modules/inflight
255 silly ADD node_modules/fs.realpath
256 silly ADD node_modules/glob
257 silly ADD node_modules/string_decoder
258 silly ADD node_modules/isarray
259 silly ADD node_modules/core-util-is
260 silly ADD node_modules/url-parse
261 silly ADD node_modules/readable-stream
262 silly ADD node_modules/buffer-more-ints
263 silly ADD node_modules/bluebird
264 silly ADD node_modules/bitsyntax
265 silly ADD node_modules/uuid
266 silly ADD node_modules/rimraf
267 silly ADD node_modules/lodash.clonedeep
268 silly ADD node_modules/amqplib
269 silly ADD node_modules/amqplib/node_modules/safe-buffer
270 silly ADD node_modules/@meowwolf/node-red-contrib-amqp
271 timing command:install Completed in 5348ms
272 verbose exit 0
273 timing npm Completed in 5451ms
274 info ok
